[0m[[0m[0mdebug[0m] [0m[0m> Exec(run, Some(22cd5679-bfb3-408c-9e5c-f5ce9e053aa4), Some(CommandSource(console0)))[0m
[0m[[0m[0mdebug[0m] [0m[0mEvaluating tasks: Compile / run[0m
[0m[[0m[0mdebug[0m] [0m[0mRunning task... Cancel: Signal, check cycles: false, forcegc: true[0m
[0m[[0m[0minfo[0m] [0m[0mcompiling 8 Scala sources to /home/huxianfeng/CS557/target/scala-2.13/classes ...[0m
[0m[[0m[31merror[0m] [0m[0m/home/huxianfeng/CS557/src/main/scala/PE.scala:72:49: overloaded method apply with alternatives:[0m
[0m[[0m[31merror[0m] [0m[0m  (range: chisel3.internal.firrtl.IntervalRange)chisel3.UInt <and>[0m
[0m[[0m[31merror[0m] [0m[0m  (width: chisel3.internal.firrtl.Width)chisel3.UInt[0m
[0m[[0m[31merror[0m] [0m[0m cannot be applied to (Int)[0m
[0m[[0m[31merror[0m] [0m[0m        when (tmp > dist_in_topk || counter === UInt(num_cycle - 1)){[0m
[0m[[0m[31merror[0m] [0m[0m                                                ^[0m
[0m[[0m[31merror[0m] [0m[0m/home/huxianfeng/CS557/src/main/scala/PE.scala:94:79: type mismatch;[0m
[0m[[0m[31merror[0m] [0m[0m found   : Boolean[0m
[0m[[0m[31merror[0m] [0m[0m required: chisel3.Bool[0m
[0m[[0m[31merror[0m] [0m[0m    when(reg_ready_to_enq_north && !running && (tmp > dist_in_topk || counter == num_cycle - 1)){[0m
[0m[[0m[31merror[0m] [0m[0m                                                                              ^[0m
[0m[[0m[31merror[0m] [0m[0m/home/huxianfeng/CS557/src/main/scala/PE_group.scala:15:36: not enough arguments for constructor PE_Module: (dim: 128, paral: 1, W: 16): project.PE_Module.[0m
[0m[[0m[31merror[0m] [0m[0mUnspecified value parameters dim, paral, W.[0m
[0m[[0m[31merror[0m] [0m[0m    val group = Seq.fill(N)(Module(new PE_Module))[0m
[0m[[0m[31merror[0m] [0m[0m                                   ^[0m
[0m[[0m[31merror[0m] [0m[0m/home/huxianfeng/CS557/src/main/scala/PEgroup_topK.scala:10:27: not found: type Parameters[0m
[0m[[0m[31merror[0m] [0m[0mclass TopUnit(implicit p: Parameters) extends AcceleratorCore {[0m
[0m[[0m[31merror[0m] [0m[0m                          ^[0m
[0m[[0m[31merror[0m] [0m[0m/home/huxianfeng/CS557/src/main/scala/PEgroup_topK.scala:10:47: could not find implicit value for parameter p: chipsalliance.rocketchip.config.Parameters[0m
[0m[[0m[31merror[0m] [0m[0mclass TopUnit(implicit p: Parameters) extends AcceleratorCore {[0m
[0m[[0m[31merror[0m] [0m[0m                                              ^[0m
[0m[[0m[31merror[0m] [0m[0m5 errors found[0m
[0m[[0m[0minfo[0m] [0m[0mcompiling 8 Scala sources to /home/huxianfeng/CS557/target/scala-2.13/classes ...[0m
[0m[[0m[31merror[0m] [0m[0m5 errors found[0m
[0m[[0m[0minfo[0m] [0m[0mcompiling 8 Scala sources to /home/huxianfeng/CS557/target/scala-2.13/classes ...[0m
[0m[[0m[31merror[0m] [0m[0m5 errors found[0m
[0m[[0m[0minfo[0m] [0m[0mcompiling 8 Scala sources to /home/huxianfeng/CS557/target/scala-2.13/classes ...[0m
[0m[[0m[31merror[0m] [0m[0m5 errors found[0m
[0m[[0m[0minfo[0m] [0m[0mcompiling 8 Scala sources to /home/huxianfeng/CS557/target/scala-2.13/classes ...[0m
[0m[[0m[31merror[0m] [0m[0m5 errors found[0m
[0m[[0m[0minfo[0m] [0m[0mcompiling 8 Scala sources to /home/huxianfeng/CS557/target/scala-2.13/classes ...[0m
[0m[[0m[31merror[0m] [0m[0m5 errors found[0m
[0m[[0m[0minfo[0m] [0m[0mcompiling 8 Scala sources to /home/huxianfeng/CS557/target/scala-2.13/classes ...[0m
[0m[[0m[31merror[0m] [0m[0m5 errors found[0m
[0m[[0m[0minfo[0m] [0m[0mcompiling 8 Scala sources to /home/huxianfeng/CS557/target/scala-2.13/classes ...[0m
[0m[[0m[31merror[0m] [0m[0m5 errors found[0m
[0m[[0m[0minfo[0m] [0m[0mcompiling 8 Scala sources to /home/huxianfeng/CS557/target/scala-2.13/classes ...[0m
[0m[[0m[31merror[0m] [0m[0m5 errors found[0m
[0m[[0m[0minfo[0m] [0m[0mcompiling 8 Scala sources to /home/huxianfeng/CS557/target/scala-2.13/classes ...[0m
[0m[[0m[31merror[0m] [0m[0m5 errors found[0m
[0m[[0m[31merror[0m] [0m[0m(Compile / [31mcompileIncremental[0m) Compilation failed[0m
[0m[[0m[31merror[0m] [0m[0mTotal time: 1 s, completed Apr 10, 2025, 12:41:44 AM[0m
[0m[[0m[0mdebug[0m] [0m[0m> Exec(shell, None, None)[0m
[0m[[0m[0mdebug[0m] [0m[0mForcing garbage collection...[0m
[0m[[0m[0minfo[0m] [0m[0mshutting down sbt server[0m
