[0m[[0m[0mdebug[0m] [0m[0m> Exec(testOnly project.topUnit_Tests, Some(cbe2de05-e8c8-454e-9c4c-535aecb7645c), Some(CommandSource(console0)))[0m
[0m[[0m[0mdebug[0m] [0m[0mEvaluating tasks: Test / testOnly[0m
[0m[[0m[0mdebug[0m] [0m[0mRunning task... Cancel: Signal, check cycles: false, forcegc: true[0m
[0m[[0m[0minfo[0m] [0m[0mcompiling 1 Scala source to /home/huxianfeng/CS557/target/scala-2.13/classes ...[0m
[0m[[0m[33mwarn[0m] [0m[0m33 feature warnings; re-run with -feature for details[0m
[0m[[0m[33mwarn[0m] [0m[0mone warning found[0m
[0m[[0m[0minfo[0m] [0m[0mcompiling 1 Scala source to /home/huxianfeng/CS557/target/scala-2.13/test-classes ...[0m
[0m[[0m[33mwarn[0m] [0m[0m11 feature warnings; re-run with -feature for details[0m
[0m[[0m[33mwarn[0m] [0m[0mone warning found[0m
[0m[[0m[0minfo[0m] [0m[0m[32mtopUnit_Tests:[0m[0m
[0m[[0m[0minfo[0m] [0m[0m[32mtopUnit[0m[0m
[0m[[0m[0minfo[0m] [0m[0m[32m- should [0m[0m
[0m[[0m[0minfo[0m] [0m[0m[36mRun completed in 5 seconds, 304 milliseconds.[0m[0m
[0m[[0m[0minfo[0m] [0m[0m[36mTotal number of tests run: 1[0m[0m
[0m[[0m[0minfo[0m] [0m[0m[36mSuites: completed 1, aborted 0[0m[0m
[0m[[0m[0minfo[0m] [0m[0m[36mTests: succeeded 1, failed 0, canceled 0, ignored 0, pending 0[0m[0m
[0m[[0m[0minfo[0m] [0m[0m[32mAll tests passed.[0m[0m
[0m[[0m[0mdebug[0m] [0m[0mForcing garbage collection...[0m
[0m[[0m[32msuccess[0m] [0m[0mTotal time: 6 s, completed Apr 11, 2025, 6:48:02 PM[0m
[0m[[0m[0mdebug[0m] [0m[0m> Exec(shell, None, None)[0m
[0m[[0m[0mdebug[0m] [0m[0mForcing garbage collection...[0m
